<?xml version="1.0" encoding="UTF-8"?>
<!-- Generated by org.testng.reporters.JUnitXMLReporter -->
<testsuite ignored="0" hostname="DESKTOP-MN0A3FR" failures="1" tests="15" name="Test" time="154.244" errors="0" timestamp="2021-11-10T11:24:52 IST">
  <testcase classname="toolQA.test.ElementPageTest" name="TextBoxValidation" time="5.463"/>
  <testcase classname="toolQA.test.ElementPageTest" name="CheckBoxValidation" time="7.0"/>
  <testcase classname="toolQA.test.ElementPageTest" name="RadioButtonValidation" time="0.59"/>
  <testcase classname="toolQA.test.ElementPageTest" name="WebTablesValidation" time="3.163"/>
  <testcase classname="toolQA.test.ElementPageTest" name="ButtonValidation" time="2.782"/>
  <testcase classname="toolQA.test.ElementPageTest" name="LinkValidation" time="20.864"/>
  <testcase classname="toolQA.test.ElementPageTest" name="BrokenLinksAndImageVerification" time="1.235"/>
  <testcase classname="toolQA.test.ElementPageTest" name="UploadAndDownloadValidation" time="9.555"/>
  <testcase classname="toolQA.test.ElementPageTest" name="DynamicPropertiesValidation" time="15.484"/>
  <testcase classname="toolQA.test.FormsPageTest" name="PracticeFormValidation" time="3.349">
    <failure type="org.openqa.selenium.ElementClickInterceptedException" message="element click intercepted: Element &amp;lt;span class=&amp;quot;text&amp;quot;&amp;gt;...&amp;lt;/span&amp;gt; is not clickable at point (134, 357). Other element would receive the click: &amp;lt;div class=&amp;quot;header-text&amp;quot;&amp;gt;...&amp;lt;/div&amp;gt;
  (Session info: chrome=95.0.4638.69)
Build info: version: &amp;apos;3.141.59&amp;apos;, revision: &amp;apos;e82be7d358&amp;apos;, time: &amp;apos;2018-11-14T08:17:03&amp;apos;
System info: host: &amp;apos;DESKTOP-MN0A3FR&amp;apos;, ip: &amp;apos;192.168.29.188&amp;apos;, os.name: &amp;apos;Windows 10&amp;apos;, os.arch: &amp;apos;amd64&amp;apos;, os.version: &amp;apos;10.0&amp;apos;, java.version: &amp;apos;16.0.1&amp;apos;
Driver info: org.openqa.selenium.chrome.ChromeDriver
Capabilities {acceptInsecureCerts: false, browserName: chrome, browserVersion: 95.0.4638.69, chrome: {chromedriverVersion: 95.0.4638.69 (6a1600ed572fe..., userDataDir: C:\Users\rj\AppData\Local\T...}, goog:chromeOptions: {debuggerAddress: localhost:55775}, javascriptEnabled: true, networkConnectionEnabled: false, pageLoadStrategy: normal, platform: WINDOWS, platformName: WINDOWS, proxy: Proxy(), setWindowRect: true, strictFileInteractability: false, timeouts: {implicit: 0, pageLoad: 300000, script: 30000}, unhandledPromptBehavior: dismiss and notify, webauthn:extension:credBlob: true, webauthn:extension:largeBlob: true, webauthn:virtualAuthenticators: true}
Session ID: 9e5f20b0909fa79c9a378d1134b6f629">
      <![CDATA[org.openqa.selenium.ElementClickInterceptedException: element click intercepted: Element <span class="text">...</span> is not clickable at point (134, 357). Other element would receive the click: <div class="header-text">...</div>
  (Session info: chrome=95.0.4638.69)
Build info: version: '3.141.59', revision: 'e82be7d358', time: '2018-11-14T08:17:03'
System info: host: 'DESKTOP-MN0A3FR', ip: '192.168.29.188', os.name: 'Windows 10', os.arch: 'amd64', os.version: '10.0', java.version: '16.0.1'
Driver info: org.openqa.selenium.chrome.ChromeDriver
Capabilities {acceptInsecureCerts: false, browserName: chrome, browserVersion: 95.0.4638.69, chrome: {chromedriverVersion: 95.0.4638.69 (6a1600ed572fe..., userDataDir: C:\Users\rj\AppData\Local\T...}, goog:chromeOptions: {debuggerAddress: localhost:55775}, javascriptEnabled: true, networkConnectionEnabled: false, pageLoadStrategy: normal, platform: WINDOWS, platformName: WINDOWS, proxy: Proxy(), setWindowRect: true, strictFileInteractability: false, timeouts: {implicit: 0, pageLoad: 300000, script: 30000}, unhandledPromptBehavior: dismiss and notify, webauthn:extension:credBlob: true, webauthn:extension:largeBlob: true, webauthn:virtualAuthenticators: true}
Session ID: 9e5f20b0909fa79c9a378d1134b6f629
at org.openqa.selenium.remote.http.W3CHttpResponseCodec.createException(W3CHttpResponseCodec.java:187)
at org.openqa.selenium.remote.http.W3CHttpResponseCodec.decode(W3CHttpResponseCodec.java:122)
at org.openqa.selenium.remote.http.W3CHttpResponseCodec.decode(W3CHttpResponseCodec.java:49)
at org.openqa.selenium.remote.HttpCommandExecutor.execute(HttpCommandExecutor.java:158)
at org.openqa.selenium.remote.service.DriverCommandExecutor.execute(DriverCommandExecutor.java:83)
at org.openqa.selenium.remote.RemoteWebDriver.execute(RemoteWebDriver.java:552)
at org.openqa.selenium.remote.RemoteWebElement.execute(RemoteWebElement.java:285)
at org.openqa.selenium.remote.RemoteWebElement.click(RemoteWebElement.java:84)
at org.openqa.selenium.support.pagefactory.internal.LocatingElementHandler.invoke(LocatingElementHandler.java:51)
at jdk.proxy2/jdk.proxy2.$Proxy13.click(Unknown Source)
at pages.ToolQA.FormsPage.PracticeForm(FormsPage.java:89)
at toolQA.test.FormsPageTest.PracticeFormValidation(FormsPageTest.java:41)
at java.base/java.util.ArrayList.forEach(ArrayList.java:1511)
... Removed 35 stack frames]]>
    </failure>
  </testcase> <!-- PracticeFormValidation -->
  <testcase classname="toolQA.test.AlertsFrameWindowsPageTest" name="BrowserWindowsValidation" time="29.194"/>
  <testcase classname="toolQA.test.AlertsFrameWindowsPageTest" name="AlertsValidationa" time="8.561"/>
  <testcase classname="toolQA.test.AlertsFrameWindowsPageTest" name="FramesValidation" time="6.537"/>
  <testcase classname="toolQA.test.AlertsFrameWindowsPageTest" name="NestedFramesValidation" time="2.515"/>
  <testcase classname="toolQA.test.AlertsFrameWindowsPageTest" name="ModalDialogValidation" time="6.682"/>
</testsuite> <!-- Test -->
